Flow report for uart
Sun Apr 05 06:03:57 2026
Quartus Prime Version 20.1.0 Build 711 06/05/2020 SJ Lite Edition


---------------------
; Table of Contents ;
---------------------
  1. Legal Notice
  2. Flow Summary
  3. Flow Settings
  4. Flow Non-Default Global Settings
  5. Flow Elapsed Time
  6. Flow OS Summary
  7. Flow Log
  8. Flow Messages
  9. Flow Suppressed Messages



----------------
; Legal Notice ;
----------------
Copyright (C) 2020  Intel Corporation. All rights reserved.
Your use of Intel Corporation's design tools, logic functions 
and other software and tools, and any partner logic 
functions, and any output files from any of the foregoing 
(including device programming or simulation files), and any 
associated documentation or information are expressly subject 
to the terms and conditions of the Intel Program License 
Subscription Agreement, the Intel Quartus Prime License Agreement,
the Intel FPGA IP License Agreement, or other applicable license
agreement, including, without limitation, that your use is for
the sole purpose of programming logic devices manufactured by
Intel and sold by Intel or its authorized distributors.  Please
refer to the applicable agreement for further details, at
https://fpgasoftware.intel.com/eula.



+----------------------------------------------------------------------------------+
; Flow Summary                                                                     ;
+------------------------------------+---------------------------------------------+
; Flow Status                        ; Successful - Sun Apr 05 06:03:57 2026       ;
; Quartus Prime Version              ; 20.1.0 Build 711 06/05/2020 SJ Lite Edition ;
; Revision Name                      ; uart                                        ;
; Top-level Entity Name              ; DE10_CORE                                   ;
; Family                             ; MAX 10                                      ;
; Device                             ; 10M50DAF484C7G                              ;
; Timing Models                      ; Final                                       ;
; Total logic elements               ; 42,034 / 49,760 ( 84 % )                    ;
;     Total combinational functions  ; 24,413 / 49,760 ( 49 % )                    ;
;     Dedicated logic registers      ; 33,111 / 49,760 ( 67 % )                    ;
; Total registers                    ; 33111                                       ;
; Total pins                         ; 63 / 360 ( 18 % )                           ;
; Total virtual pins                 ; 0                                           ;
; Total memory bits                  ; 512 / 1,677,312 ( < 1 % )                   ;
; Embedded Multiplier 9-bit elements ; 0 / 288 ( 0 % )                             ;
; Total PLLs                         ; 0 / 4 ( 0 % )                               ;
; UFM blocks                         ; 0 / 1 ( 0 % )                               ;
; ADC blocks                         ; 0 / 2 ( 0 % )                               ;
+------------------------------------+---------------------------------------------+


+-----------------------------------------+
; Flow Settings                           ;
+-------------------+---------------------+
; Option            ; Setting             ;
+-------------------+---------------------+
; Start date & time ; 04/05/2026 05:54:00 ;
; Main task         ; Compilation         ;
; Revision Name     ; uart                ;
+-------------------+---------------------+


+-------------------------------------------------------------------------------------------------------------------------------+
; Flow Non-Default Global Settings                                                                                              ;
+--------------------------------------+----------------------------------------+---------------+-------------+-----------------+
; Assignment Name                      ; Value                                  ; Default Value ; Entity Name ; Section Id      ;
+--------------------------------------+----------------------------------------+---------------+-------------+-----------------+
; COMPILER_SIGNATURE_ID                ; 10995770589195.177534324010388         ; --            ; --          ; --              ;
; EDA_DESIGN_INSTANCE_NAME             ; NA                                     ; --            ; --          ; tb_CORE_PC      ;
; EDA_DESIGN_INSTANCE_NAME             ; NA                                     ; --            ; --          ; tb_FIFO         ;
; EDA_DESIGN_INSTANCE_NAME             ; NA                                     ; --            ; --          ; tb_Regfile      ;
; EDA_DESIGN_INSTANCE_NAME             ; NA                                     ; --            ; --          ; tb_UART         ;
; EDA_DESIGN_INSTANCE_NAME             ; NA                                     ; --            ; --          ; tb_Data_RAM     ;
; EDA_DESIGN_INSTANCE_NAME             ; NA                                     ; --            ; --          ; tb_ImmGen       ;
; EDA_DESIGN_INSTANCE_NAME             ; NA                                     ; --            ; --          ; tb_Branch       ;
; EDA_DESIGN_INSTANCE_NAME             ; NA                                     ; --            ; --          ; tb_Instr_Memory ;
; EDA_DESIGN_INSTANCE_NAME             ; NA                                     ; --            ; --          ; tb_Tx_TOP       ;
; EDA_DESIGN_INSTANCE_NAME             ; NA                                     ; --            ; --          ; tb_Rx_TOP       ;
; EDA_DESIGN_INSTANCE_NAME             ; NA                                     ; --            ; --          ; tb_UART_Rx      ;
; EDA_DESIGN_INSTANCE_NAME             ; NA                                     ; --            ; --          ; tb_UART_Tx      ;
; EDA_DESIGN_INSTANCE_NAME             ; NA                                     ; --            ; --          ; tb_ALU          ;
; EDA_DESIGN_INSTANCE_NAME             ; NA                                     ; --            ; --          ; tb_Decode       ;
; EDA_DESIGN_INSTANCE_NAME             ; NA                                     ; --            ; --          ; tb_VGA_Control  ;
; EDA_DESIGN_INSTANCE_NAME             ; NA                                     ; --            ; --          ; tb_fetch        ;
; EDA_DESIGN_INSTANCE_NAME             ; NA                                     ; --            ; --          ; tb_Baud_Gen     ;
; EDA_DESIGN_INSTANCE_NAME             ; NA                                     ; --            ; --          ; tb_ALU_Control  ;
; EDA_NATIVELINK_SIMULATION_TEST_BENCH ; tb_VGA_Control                         ; --            ; --          ; eda_simulation  ;
; EDA_OUTPUT_DATA_FORMAT               ; Verilog Hdl                            ; --            ; --          ; eda_simulation  ;
; EDA_SIMULATION_TOOL                  ; ModelSim-Altera (Verilog)              ; <None>        ; --          ; --              ;
; EDA_TEST_BENCH_ENABLE_STATUS         ; TEST_BENCH_MODE                        ; --            ; --          ; eda_simulation  ;
; EDA_TEST_BENCH_FILE                  ; src/tb_CORE_PC.v                       ; --            ; --          ; tb_CORE_PC      ;
; EDA_TEST_BENCH_FILE                  ; UART/tb_FIFO.v                         ; --            ; --          ; tb_FIFO         ;
; EDA_TEST_BENCH_FILE                  ; src/tb_Regfile.v                       ; --            ; --          ; tb_Regfile      ;
; EDA_TEST_BENCH_FILE                  ; UART/tb_UART.v                         ; --            ; --          ; tb_UART         ;
; EDA_TEST_BENCH_FILE                  ; src/tb_Data_RAM.v                      ; --            ; --          ; tb_Data_RAM     ;
; EDA_TEST_BENCH_FILE                  ; src/tb_ImmGen.v                        ; --            ; --          ; tb_ImmGen       ;
; EDA_TEST_BENCH_FILE                  ; src/tb_Branch.v                        ; --            ; --          ; tb_Branch       ;
; EDA_TEST_BENCH_FILE                  ; src/tb_Instr_Memory.v                  ; --            ; --          ; tb_Instr_Memory ;
; EDA_TEST_BENCH_FILE                  ; UART/tb_Tx_TOP.v                       ; --            ; --          ; tb_Tx_TOP       ;
; EDA_TEST_BENCH_FILE                  ; UART/tb_Rx_TOP.v                       ; --            ; --          ; tb_Rx_TOP       ;
; EDA_TEST_BENCH_FILE                  ; UART/tb_UART_Rx.v                      ; --            ; --          ; tb_UART_Rx      ;
; EDA_TEST_BENCH_FILE                  ; UART/tb_UART_Tx.v                      ; --            ; --          ; tb_UART_Tx      ;
; EDA_TEST_BENCH_FILE                  ; src/tb_ALU.v                           ; --            ; --          ; tb_ALU          ;
; EDA_TEST_BENCH_FILE                  ; src/tb_Decode.v                        ; --            ; --          ; tb_Decode       ;
; EDA_TEST_BENCH_FILE                  ; VGA/tb_VGA_Control.v                   ; --            ; --          ; tb_VGA_Control  ;
; EDA_TEST_BENCH_FILE                  ; src/tb_fetch.v                         ; --            ; --          ; tb_fetch        ;
; EDA_TEST_BENCH_FILE                  ; UART/tb_Baud_Gen.v                     ; --            ; --          ; tb_Baud_Gen     ;
; EDA_TEST_BENCH_FILE                  ; src/tb_ALU_Control.v                   ; --            ; --          ; tb_ALU_Control  ;
; EDA_TEST_BENCH_MODULE_NAME           ; tb_CORE_PC                             ; --            ; --          ; tb_CORE_PC      ;
; EDA_TEST_BENCH_MODULE_NAME           ; tb_FIFO                                ; --            ; --          ; tb_FIFO         ;
; EDA_TEST_BENCH_MODULE_NAME           ; tb_Regfile                             ; --            ; --          ; tb_Regfile      ;
; EDA_TEST_BENCH_MODULE_NAME           ; tb_UART                                ; --            ; --          ; tb_UART         ;
; EDA_TEST_BENCH_MODULE_NAME           ; tb_Data_RAM                            ; --            ; --          ; tb_Data_RAM     ;
; EDA_TEST_BENCH_MODULE_NAME           ; tb_ImmGen                              ; --            ; --          ; tb_ImmGen       ;
; EDA_TEST_BENCH_MODULE_NAME           ; tb_Branch                              ; --            ; --          ; tb_Branch       ;
; EDA_TEST_BENCH_MODULE_NAME           ; tb_Instr_Memory                        ; --            ; --          ; tb_Instr_Memory ;
; EDA_TEST_BENCH_MODULE_NAME           ; tb_Tx_TOP                              ; --            ; --          ; tb_Tx_TOP       ;
; EDA_TEST_BENCH_MODULE_NAME           ; tb_Rx_TOP                              ; --            ; --          ; tb_Rx_TOP       ;
; EDA_TEST_BENCH_MODULE_NAME           ; tb_UART_Rx                             ; --            ; --          ; tb_UART_Rx      ;
; EDA_TEST_BENCH_MODULE_NAME           ; tb_UART_Tx                             ; --            ; --          ; tb_UART_Tx      ;
; EDA_TEST_BENCH_MODULE_NAME           ; tb_ALU                                 ; --            ; --          ; tb_ALU          ;
; EDA_TEST_BENCH_MODULE_NAME           ; tb_Decode                              ; --            ; --          ; tb_Decode       ;
; EDA_TEST_BENCH_MODULE_NAME           ; tb_VGA_Control                         ; --            ; --          ; tb_VGA_Control  ;
; EDA_TEST_BENCH_MODULE_NAME           ; tb_fetch                               ; --            ; --          ; tb_fetch        ;
; EDA_TEST_BENCH_MODULE_NAME           ; tb_Baud_Gen                            ; --            ; --          ; tb_Baud_Gen     ;
; EDA_TEST_BENCH_MODULE_NAME           ; tb_ALU_Control                         ; --            ; --          ; tb_ALU_Control  ;
; EDA_TEST_BENCH_NAME                  ; tb_ALU                                 ; --            ; --          ; eda_simulation  ;
; EDA_TEST_BENCH_NAME                  ; tb_Branch                              ; --            ; --          ; eda_simulation  ;
; EDA_TEST_BENCH_NAME                  ; tb_Decode                              ; --            ; --          ; eda_simulation  ;
; EDA_TEST_BENCH_NAME                  ; tb_ALU_Control                         ; --            ; --          ; eda_simulation  ;
; EDA_TEST_BENCH_NAME                  ; tb_Regfile                             ; --            ; --          ; eda_simulation  ;
; EDA_TEST_BENCH_NAME                  ; tb_Data_RAM                            ; --            ; --          ; eda_simulation  ;
; EDA_TEST_BENCH_NAME                  ; tb_ImmGen                              ; --            ; --          ; eda_simulation  ;
; EDA_TEST_BENCH_NAME                  ; tb_Instr_Memory                        ; --            ; --          ; eda_simulation  ;
; EDA_TEST_BENCH_NAME                  ; tb_fetch                               ; --            ; --          ; eda_simulation  ;
; EDA_TEST_BENCH_NAME                  ; tb_CORE_PC                             ; --            ; --          ; eda_simulation  ;
; EDA_TEST_BENCH_NAME                  ; tb_Baud_Gen                            ; --            ; --          ; eda_simulation  ;
; EDA_TEST_BENCH_NAME                  ; tb_UART_Tx                             ; --            ; --          ; eda_simulation  ;
; EDA_TEST_BENCH_NAME                  ; tb_UART_Rx                             ; --            ; --          ; eda_simulation  ;
; EDA_TEST_BENCH_NAME                  ; tb_FIFO                                ; --            ; --          ; eda_simulation  ;
; EDA_TEST_BENCH_NAME                  ; tb_UART                                ; --            ; --          ; eda_simulation  ;
; EDA_TEST_BENCH_NAME                  ; tb_Tx_TOP                              ; --            ; --          ; eda_simulation  ;
; EDA_TEST_BENCH_NAME                  ; tb_Rx_TOP                              ; --            ; --          ; eda_simulation  ;
; EDA_TEST_BENCH_NAME                  ; tb_VGA_Control                         ; --            ; --          ; eda_simulation  ;
; EDA_TIME_SCALE                       ; 1 ps                                   ; --            ; --          ; eda_simulation  ;
; MAX_CORE_JUNCTION_TEMP               ; 85                                     ; --            ; --          ; --              ;
; MIN_CORE_JUNCTION_TEMP               ; 0                                      ; --            ; --          ; --              ;
; NUM_PARALLEL_PROCESSORS              ; 12                                     ; --            ; --          ; --              ;
; PARTITION_COLOR                      ; -- (Not supported for targeted family) ; --            ; DE10_CORE   ; Top             ;
; PARTITION_FITTER_PRESERVATION_LEVEL  ; -- (Not supported for targeted family) ; --            ; DE10_CORE   ; Top             ;
; PARTITION_NETLIST_TYPE               ; -- (Not supported for targeted family) ; --            ; DE10_CORE   ; Top             ;
; POWER_BOARD_THERMAL_MODEL            ; None (CONSERVATIVE)                    ; --            ; --          ; --              ;
; POWER_PRESET_COOLING_SOLUTION        ; 23 MM HEAT SINK WITH 200 LFPM AIRFLOW  ; --            ; --          ; --              ;
; PROJECT_OUTPUT_DIRECTORY             ; output_files                           ; --            ; --          ; --              ;
; TOP_LEVEL_ENTITY                     ; DE10_CORE                              ; uart          ; --          ; --              ;
+--------------------------------------+----------------------------------------+---------------+-------------+-----------------+


+--------------------------------------------------------------------------------------------------------------------------+
; Flow Elapsed Time                                                                                                        ;
+----------------------+--------------+-------------------------+---------------------+------------------------------------+
; Module Name          ; Elapsed Time ; Average Processors Used ; Peak Virtual Memory ; Total CPU Time (on all processors) ;
+----------------------+--------------+-------------------------+---------------------+------------------------------------+
; Analysis & Synthesis ; 00:01:35     ; 1.0                     ; 5123 MB             ; 00:01:45                           ;
; Fitter               ; 00:07:46     ; 1.5                     ; 6707 MB             ; 00:16:03                           ;
; Assembler            ; 00:00:03     ; 1.0                     ; 4841 MB             ; 00:00:04                           ;
; Timing Analyzer      ; 00:00:16     ; 5.0                     ; 5337 MB             ; 00:01:10                           ;
; EDA Netlist Writer   ; 00:00:05     ; 1.0                     ; 4827 MB             ; 00:00:05                           ;
; Total                ; 00:09:45     ; --                      ; --                  ; 00:19:07                           ;
+----------------------+--------------+-------------------------+---------------------+------------------------------------+


+------------------------------------------------------------------------------------+
; Flow OS Summary                                                                    ;
+----------------------+------------------+------------+------------+----------------+
; Module Name          ; Machine Hostname ; OS Name    ; OS Version ; Processor type ;
+----------------------+------------------+------------+------------+----------------+
; Analysis & Synthesis ; DESKTOP-EE8BB5E  ; Windows 10 ; 10.0       ; x86_64         ;
; Fitter               ; DESKTOP-EE8BB5E  ; Windows 10 ; 10.0       ; x86_64         ;
; Assembler            ; DESKTOP-EE8BB5E  ; Windows 10 ; 10.0       ; x86_64         ;
; Timing Analyzer      ; DESKTOP-EE8BB5E  ; Windows 10 ; 10.0       ; x86_64         ;
; EDA Netlist Writer   ; DESKTOP-EE8BB5E  ; Windows 10 ; 10.0       ; x86_64         ;
+----------------------+------------------+------------+------------+----------------+


------------
; Flow Log ;
------------
quartus_map --read_settings_files=on --write_settings_files=off uart -c uart
quartus_fit --read_settings_files=off --write_settings_files=off uart -c uart
quartus_asm --read_settings_files=off --write_settings_files=off uart -c uart
quartus_sta uart -c uart
quartus_eda --read_settings_files=off --write_settings_files=off uart -c uart



